# JRE version: OpenJDK Runtime Environment (11.0.11+9) (build 11.0.11+9-b60-7590822)
# Java VM: OpenJDK 64-Bit Server VM (11.0.11+9-b60-7590822, mixed mode, tiered, compressed oops, g1 gc, windows-amd64)
Heap:
 garbage-first heap   total 772096K, used 65913K [0x0000000600c00000, 0x0000000800000000)
  region size 2048K, 8 young (16384K), 8 survivors (16384K)
 Metaspace       used 76647K, capacity 77486K, committed 77700K, reserved 1118208K
  class space    used 8690K, capacity 9043K, committed 9172K, reserved 1048576K
GC Heap History (9 events):
Event: 0.761 GC heap before
{Heap before GC invocations=0 (full 0):
 garbage-first heap   total 524288K, used 26624K [0x0000000600c00000, 0x0000000800000000)
  region size 2048K, 12 young (24576K), 0 survivors (0K)
 Metaspace       used 12101K, capacity 12216K, committed 12544K, reserved 1060864K
  class space    used 1139K, capacity 1175K, committed 1280K, reserved 1048576K
}
Event: 0.766 GC heap after
{Heap after GC invocations=1 (full 0):
 garbage-first heap   total 524288K, used 6672K [0x0000000600c00000, 0x0000000800000000)
  region size 2048K, 2 young (4096K), 2 survivors (4096K)
 Metaspace       used 12101K, capacity 12216K, committed 12544K, reserved 1060864K
  class space    used 1139K, capacity 1175K, committed 1280K, reserved 1048576K
}
Event: 1.664 GC heap before
{Heap before GC invocations=1 (full 0):
 garbage-first heap   total 524288K, used 43536K [0x0000000600c00000, 0x0000000800000000)
  region size 2048K, 21 young (43008K), 2 survivors (4096K)
 Metaspace       used 20930K, capacity 21122K, committed 21296K, reserved 1069056K
  class space    used 2218K, capacity 2325K, committed 2432K, reserved 1048576K
}
Event: 1.679 GC heap after
{Heap after GC invocations=2 (full 0):
 garbage-first heap   total 524288K, used 10278K [0x0000000600c00000, 0x0000000800000000)
  region size 2048K, 4 young (8192K), 4 survivors (8192K)
 Metaspace       used 20930K, capacity 21122K, committed 21296K, reserved 1069056K
  class space    used 2218K, capacity 2325K, committed 2432K, reserved 1048576K
}
Event: 3.166 GC heap before
{Heap before GC invocations=3 (full 0):
 garbage-first heap   total 524288K, used 75814K [0x0000000600c00000, 0x0000000800000000)
  region size 2048K, 34 young (69632K), 4 survivors (8192K)
 Metaspace       used 35425K, capacity 35855K, committed 35920K, reserved 1081344K
  class space    used 4422K, capacity 4586K, committed 4608K, reserved 1048576K
}
Event: 3.205 GC heap after
{Heap after GC invocations=4 (full 0):
 garbage-first heap   total 524288K, used 23431K [0x0000000600c00000, 0x0000000800000000)
  region size 2048K, 5 young (10240K), 5 survivors (10240K)
 Metaspace       used 35425K, capacity 35855K, committed 35920K, reserved 1081344K
  class space    used 4422K, capacity 4586K, committed 4608K, reserved 1048576K
}
Event: 8.170 GC heap before
{Heap before GC invocations=5 (full 0):
 garbage-first heap   total 524288K, used 246663K [0x0000000600c00000, 0x0000000800000000)
  region size 2048K, 114 young (233472K), 5 survivors (10240K)
 Metaspace       used 59582K, capacity 60321K, committed 60420K, reserved 1101824K
  class space    used 6909K, capacity 7199K, committed 7252K, reserved 1048576K
}
Event: 8.330 GC heap after
{Heap after GC invocations=6 (full 0):
 garbage-first heap   total 524288K, used 50265K [0x0000000600c00000, 0x0000000800000000)
  region size 2048K, 19 young (38912K), 19 survivors (38912K)
 Metaspace       used 59582K, capacity 60321K, committed 60420K, reserved 1101824K
  class space    used 6909K, capacity 7199K, committed 7252K, reserved 1048576K
}
Event: 12.260 GC heap before
{Heap before GC invocations=7 (full 0):
 garbage-first heap   total 524288K, used 195673K [0x0000000600c00000, 0x0000000800000000)
  region size 2048K, 90 young (184320K), 19 survivors (38912K)
 Metaspace       used 76647K, capacity 77486K, committed 77700K, reserved 1118208K
  class space    used 8690K, capacity 9043K, committed 9172K, reserved 1048576K
}

